#
# An unexpected error has been detected by Java Runtime Environment:
#
#  Internal Error (434C41535326494C453041525345520E4350500AB6), pid=5300, tid=3340
#
# Java VM: Java HotSpot(TM) Client VM (1.6.0-b105 mixed mode)
# If you would like to submit a bug report, please visit:
#   http://java.sun.com/webapps/bugreport/crash.jsp
#

---------------  T H R E A D  ---------------

Current thread (0x01fb7000):  JavaThread "Unknown thread" [_thread_in_vm, id=3340]

Stack: [0x00210000,0x00260000)
[error occurred during error reporting, step 110, id 0xc00000fd]

Native frames: (J=compiled Java code, j=interpreted, Vv=VM code, C=native code)
C  [javaw.exe+0xc07c]
C  [javaw.exe+0x7d35]
C  [kernel32.dll+0x13677]
C  [ntdll.dll+0x39f02]
C  [ntdll.dll+0x39ed5]


---------------  P R O C E S S  ---------------

Java Threads: ( => current thread )

Other Threads:

VM state:not at safepoint (not fully initilizated)

VM Mutex/Monitor currently owned by a thread: None

Heap
 def new generation   total 960K, used 0K [0x04560000, 0x04660000, 0x04a40000)
  eden space 896K,   0% used [0x04560000, 0x04560000, 0x04640000)
  from space 64K,   0% used [0x04640000, 0x04640000, 0x04650000)
  to   space 64K,   0% used [0x04650000, 0x04650000, 0x04660000)
 tenured generation   total 4096K, used 0K [0x04a40000, 0x04e40000, 0x08560000)
   the space 4096K,   0% used [0x04a40000, 0x04a40000, 0x04a40200, 0x04e40000)
 compacting perm gen  total 12288K, used 99K [0x08560000, 0x09160000, 0x0c560000)
   the space 12288K,   0% used [0x08560000, 0x08578dc8, 0x08578e00, 0x09160000)
No shared spaces configured.

Dynamic libraries:
0x00400000 - 0x00423000 	C:\Program Files\Java\jdk1.6.0\bin\javaw.exe
0x77240000 - 0x773c0000 	C:\Windows\SysWOW64\ntdll.dll
0x76920000 - 0x76a20000 	C:\Windows\syswow64\kernel32.dll
0x751c0000 - 0x75206000 	C:\Windows\syswow64\KERNELBASE.dll
0x74f40000 - 0x74fe0000 	C:\Windows\syswow64\ADVAPI32.dll
0x75010000 - 0x750bc000 	C:\Windows\syswow64\msvcrt.dll
0x76450000 - 0x76469000 	C:\Windows\SysWOW64\sechost.dll
0x765b0000 - 0x766a0000 	C:\Windows\syswow64\RPCRT4.dll
0x74db0000 - 0x74e10000 	C:\Windows\syswow64\SspiCli.dll
0x74da0000 - 0x74dac000 	C:\Windows\syswow64\CRYPTBASE.dll
0x76350000 - 0x76450000 	C:\Windows\syswow64\USER32.dll
0x766a0000 - 0x76730000 	C:\Windows\syswow64\GDI32.dll
0x75280000 - 0x7528a000 	C:\Windows\syswow64\LPK.dll
0x76aa0000 - 0x76b3d000 	C:\Windows\syswow64\USP10.dll
0x75290000 - 0x752f0000 	C:\Windows\system32\IMM32.DLL
0x752f0000 - 0x753bc000 	C:\Windows\syswow64\MSCTF.dll
0x72dc0000 - 0x72df2000 	C:\Windows\SysWOW64\nvinit.dll
0x0f000000 - 0x0f006000 	C:\Program Files (x86)\NVIDIA Corporation\CoProcManager\_etoured.dll
0x714d0000 - 0x7150c000 	C:\Program Files (x86)\NVIDIA Corporation\CoProcManager\nvd3d9wrap.dll
0x76780000 - 0x7691d000 	C:\Windows\syswow64\SETUPAPI.dll
0x74fe0000 - 0x75007000 	C:\Windows\syswow64\CFGMGR32.dll
0x76c20000 - 0x76caf000 	C:\Windows\syswow64\OLEAUT32.dll
0x76ce0000 - 0x76e3c000 	C:\Windows\syswow64\ole32.dll
0x75450000 - 0x75462000 	C:\Windows\syswow64\DEVOBJ.dll
0x71490000 - 0x714cb000 	C:\Program Files (x86)\NVIDIA Corporation\CoProcManager\nvdxgiwrap.dll
0x7c340000 - 0x7c396000 	C:\Program Files\Java\jdk1.6.0\jre\bin\msvcr71.dll
0x6d7c0000 - 0x6da07000 	C:\Program Files\Java\jdk1.6.0\jre\bin\client\jvm.dll
0x73240000 - 0x73272000 	C:\Windows\system32\WINMM.dll
0x72be0000 - 0x72c2b000 	C:\Windows\system32\apphelp.dll
0x6d310000 - 0x6d318000 	C:\Program Files\Java\jdk1.6.0\jre\bin\hpi.dll
0x75210000 - 0x75215000 	C:\Windows\syswow64\PSAPI.DLL
0x6d770000 - 0x6d77c000 	C:\Program Files\Java\jdk1.6.0\jre\bin\verify.dll
0x6d3b0000 - 0x6d3cf000 	C:\Program Files\Java\jdk1.6.0\jre\bin\java.dll
0x6d7b0000 - 0x6d7bf000 	C:\Program Files\Java\jdk1.6.0\jre\bin\zip.dll

VM Arguments:
jvm_args: -Dfile.encoding=GBK -Xbootclasspath:C:\ACER (E)\Èí¼þ\java Èí¼þ\myeclipse8.5\myeclipse8.5\eclipse\android2.2\platforms\android-8\android.jar
java_command: weibo4j.examples.OAuthUpdate
Launcher Type: SUN_STANDARD

Environment Variables:
JAVA_HOME=C:\Program Files\Java\jdk1.6.0
CLASSPATH=C:\Program Files\Java\jdk1.6.0\lib;.
PATH=C:\Windows\System32;C:\Program Files\Common Files\Microsoft Shared\Windows Live;C:\Program Files\Java\jdk1.6.0\bin;
USERNAME=cp
OS=Windows_NT
PROCESSOR_IDENTIFIER=Intel64 Family 6 Model 37 Stepping 5, GenuineIntel



---------------  S Y S T E M  ---------------

OS: Windows NT 6.1 Build 7600 

CPU:total 4 family 6, cmov, cx8, fxsr, mmx, sse, sse2

Memory: 4k page, physical 1823080k(560200k free), swap 3646160k(831020k free)

vm_info: Java HotSpot(TM) Client VM (1.6.0-b105) for windows-x86, built on Nov 29 2006 00:48:48 by "java_re" with unknown MS VC++:1310

